[2020-09-01T15:38:09.111548+02:00] git.INFO: Git command preparing to run {"command":"\"C:\\Program Files\\Git\\cmd\\git.EXE\" clone \"https://github.com/Mangata-Dev/exam-js.git\" \"C:\\Projects\\intersession-2020-1-angry-noise-team\\storage\\app/Repositories/test\""} []
[2020-09-01T15:38:09.551435+02:00] git.DEBUG: Cloning into 'C:\Projects\intersession-2020-1-angry-noise-team\storage\app/Repositories/test'...  {"error":true,"command":"\"C:\\Program Files\\Git\\cmd\\git.EXE\" clone \"https://github.com/Mangata-Dev/exam-js.git\" \"C:\\Projects\\intersession-2020-1-angry-noise-team\\storage\\app/Repositories/test\""} []
[2020-09-01T15:38:09.752614+02:00] git.DEBUG: fatal: unable to access 'https://github.com/Mangata-Dev/exam-js.git/': Could not resolve host: github.com  {"error":true,"command":"\"C:\\Program Files\\Git\\cmd\\git.EXE\" clone \"https://github.com/Mangata-Dev/exam-js.git\" \"C:\\Projects\\intersession-2020-1-angry-noise-team\\storage\\app/Repositories/test\""} []
[2020-09-01T15:38:09.959296+02:00] git.ERROR: Error running Git command {"command":"\"C:\\Program Files\\Git\\cmd\\git.EXE\" clone \"https://github.com/Mangata-Dev/exam-js.git\" \"C:\\Projects\\intersession-2020-1-angry-noise-team\\storage\\app/Repositories/test\""} []
[2020-09-01T15:44:55.838183+02:00] git.INFO: Git command preparing to run {"command":"\"C:\\Program Files\\Git\\cmd\\git.EXE\" clone \"git://github.com/Mangata-Dev/exam-js.git\" \"C:\\Projects\\intersession-2020-1-angry-noise-team\\storage\\app/Repositories/test\""} []
[2020-09-01T15:44:56.056756+02:00] git.DEBUG: Cloning into 'C:\Projects\intersession-2020-1-angry-noise-team\storage\app/Repositories/test'... fatal: unable to look up github.com (port 9418) (Une erreur irrécupérable s)  {"error":true,"command":"\"C:\\Program Files\\Git\\cmd\\git.EXE\" clone \"git://github.com/Mangata-Dev/exam-js.git\" \"C:\\Projects\\intersession-2020-1-angry-noise-team\\storage\\app/Repositories/test\""} []
[2020-09-01T15:44:56.058466+02:00] git.ERROR: Error running Git command {"command":"\"C:\\Program Files\\Git\\cmd\\git.EXE\" clone \"git://github.com/Mangata-Dev/exam-js.git\" \"C:\\Projects\\intersession-2020-1-angry-noise-team\\storage\\app/Repositories/test\""} []
[2020-09-01T15:49:50.248994+02:00] git.INFO: Git command preparing to run {"command":"\"C:\\Program Files\\Git\\cmd\\git.EXE\" clone \"https://github.com/Mangata-Dev/exam-js.git\" \"C:\\Projects\\intersession-2020-1-angry-noise-team\\storage\\app/Repositories/test\""} []
[2020-09-01T15:49:50.696931+02:00] git.DEBUG: Cloning into 'C:\Projects\intersession-2020-1-angry-noise-team\storage\app/Repositories/test'...  {"error":true,"command":"\"C:\\Program Files\\Git\\cmd\\git.EXE\" clone \"https://github.com/Mangata-Dev/exam-js.git\" \"C:\\Projects\\intersession-2020-1-angry-noise-team\\storage\\app/Repositories/test\""} []
[2020-09-01T15:49:50.898977+02:00] git.DEBUG: fatal: unable to access 'https://github.com/Mangata-Dev/exam-js.git/': Could not resolve host: github.com  {"error":true,"command":"\"C:\\Program Files\\Git\\cmd\\git.EXE\" clone \"https://github.com/Mangata-Dev/exam-js.git\" \"C:\\Projects\\intersession-2020-1-angry-noise-team\\storage\\app/Repositories/test\""} []
[2020-09-01T15:49:51.103946+02:00] git.ERROR: Error running Git command {"command":"\"C:\\Program Files\\Git\\cmd\\git.EXE\" clone \"https://github.com/Mangata-Dev/exam-js.git\" \"C:\\Projects\\intersession-2020-1-angry-noise-team\\storage\\app/Repositories/test\""} []
[2020-09-01T15:51:41.548541+02:00] git.INFO: Git command preparing to run {"command":"\"C:\\Program Files\\Git\\cmd\\git.EXE\" clone \"https://github.com/Mangata-Dev/exam-js.git\" \"C:\\Projects\\intersession-2020-1-angry-noise-team\\storage\\app/Repositories/test\""} []
[2020-09-01T15:51:42.185427+02:00] git.DEBUG: Cloning into 'C:\Projects\intersession-2020-1-angry-noise-team\storage\app/Repositories/test'...  {"error":true,"command":"\"C:\\Program Files\\Git\\cmd\\git.EXE\" clone \"https://github.com/Mangata-Dev/exam-js.git\" \"C:\\Projects\\intersession-2020-1-angry-noise-team\\storage\\app/Repositories/test\""} []
[2020-09-01T15:51:42.220876+02:00] git.DEBUG: fatal: unable to access 'https://github.com/Mangata-Dev/exam-js.git/': Could not resolve host: github.com  {"error":true,"command":"\"C:\\Program Files\\Git\\cmd\\git.EXE\" clone \"https://github.com/Mangata-Dev/exam-js.git\" \"C:\\Projects\\intersession-2020-1-angry-noise-team\\storage\\app/Repositories/test\""} []
[2020-09-01T15:51:42.424912+02:00] git.ERROR: Error running Git command {"command":"\"C:\\Program Files\\Git\\cmd\\git.EXE\" clone \"https://github.com/Mangata-Dev/exam-js.git\" \"C:\\Projects\\intersession-2020-1-angry-noise-team\\storage\\app/Repositories/test\""} []
[2020-09-01T16:00:44.658996+02:00] git.INFO: Git command preparing to run {"command":"\"C:\\Program Files\\Git\\cmd\\git.EXE\" config"} []
[2020-09-01T16:00:45.101146+02:00] git.DEBUG: usage: git config [<options>]  Config file location     --global              use global config file     --system              use system config file     --local               use repository config file     --worktree            use per-worktree config file     -f, --file <file>     use given config file     --blob <blob-id>      read config from given blob object  Action     --get                 get value: name [value-regex]     --get-all             get all values: key [value-regex]     --get-regexp          get values for regexp: name-regex [value-regex]     --get-urlmatch        get value specific for the URL: section[.var] URL     --replace-all         replace all matching variables: name value [value_regex]     --add                 add a new variable: name value     --unset               remove a variable: name [value-regex]     --unset-all           remove all matches: name [value-regex]     --rename-section      rename section: old-name new-name     --remove-section      remove a section: name     -l, --list            list all     -e, --edit            open an editor     --get-color           find the color configured: slot [default]     --get-colorbool       find the color setting: slot [stdout-is-tty]  Type     -t, --type <>         value is given this type     --bool                value is "true" or "false"     --int                 value is decimal number     --bool-or-int         value is --bool or --int     --path                value is a path (file or directory name)     --expiry-date         value is an expiry date  Other     -z, --null            terminate values with NUL byte     --name-only           show variable names only     --includes            respect include directives on lookup     --show-origin         show origin of config (file, standard input, blob, command line)     --default <value>     with --get, use default value when missing entry   {"error":true,"command":"\"C:\\Program Files\\Git\\cmd\\git.EXE\" config"} []
[2020-09-01T16:00:45.104469+02:00] git.ERROR: Error running Git command {"command":"\"C:\\Program Files\\Git\\cmd\\git.EXE\" config"} []
[2020-09-01T16:03:08.740991+02:00] git.INFO: Git command preparing to run {"command":"\"C:\\Program Files\\Git\\cmd\\git.EXE\" config --global user.name \"\"\"Mangata-Dev\"\"\""} []
[2020-09-01T16:03:09.183269+02:00] git.DEBUG: fatal: $HOME not set  {"error":true,"command":"\"C:\\Program Files\\Git\\cmd\\git.EXE\" config --global user.name \"\"\"Mangata-Dev\"\"\""} []
[2020-09-01T16:03:09.186640+02:00] git.ERROR: Error running Git command {"command":"\"C:\\Program Files\\Git\\cmd\\git.EXE\" config --global user.name \"\"\"Mangata-Dev\"\"\""} []
[2020-09-01T16:04:23.711079+02:00] git.INFO: Git command preparing to run {"command":"\"C:\\Program Files\\Git\\cmd\\git.EXE\" config --global user.name Mangata-Dev"} []
[2020-09-01T16:04:24.147548+02:00] git.DEBUG: fatal: $HOME not set  {"error":true,"command":"\"C:\\Program Files\\Git\\cmd\\git.EXE\" config --global user.name Mangata-Dev"} []
[2020-09-01T16:04:24.150515+02:00] git.ERROR: Error running Git command {"command":"\"C:\\Program Files\\Git\\cmd\\git.EXE\" config --global user.name Mangata-Dev"} []
[2020-09-01T16:10:28.601973+02:00] git.INFO: Git command preparing to run {"command":"\"C:\\Program Files\\Git\\cmd\\git.EXE\" config --global user.name \"\"\"Mangata\"\"\""} []
[2020-09-01T16:10:29.037194+02:00] git.DEBUG: fatal: $HOME not set  {"error":true,"command":"\"C:\\Program Files\\Git\\cmd\\git.EXE\" config --global user.name \"\"\"Mangata\"\"\""} []
[2020-09-01T16:10:29.041663+02:00] git.ERROR: Error running Git command {"command":"\"C:\\Program Files\\Git\\cmd\\git.EXE\" config --global user.name \"\"\"Mangata\"\"\""} []
[2020-09-01T16:11:36.534832+02:00] git.INFO: Git command preparing to run {"command":"\"C:\\Program Files\\Git\\cmd\\git.EXE\" config --global user.name Mangata"} []
[2020-09-01T16:11:36.964563+02:00] git.DEBUG: fatal: $HOME not set  {"error":true,"command":"\"C:\\Program Files\\Git\\cmd\\git.EXE\" config --global user.name Mangata"} []
[2020-09-01T16:11:36.967804+02:00] git.ERROR: Error running Git command {"command":"\"C:\\Program Files\\Git\\cmd\\git.EXE\" config --global user.name Mangata"} []
[2020-09-01T16:15:27.033604+02:00] git.INFO: Git command preparing to run {"command":"\"C:\\Program Files\\Git\\cmd\\git.EXE\" config --system user.name Mangata"} []
[2020-09-01T16:15:27.467404+02:00] git.DEBUG: error: could not lock config file C:/Program Files/Git/mingw64/etc/gitconfig: Permission denied  {"error":true,"command":"\"C:\\Program Files\\Git\\cmd\\git.EXE\" config --system user.name Mangata"} []
[2020-09-01T16:15:27.473345+02:00] git.ERROR: Error running Git command {"command":"\"C:\\Program Files\\Git\\cmd\\git.EXE\" config --system user.name Mangata"} []
[2020-09-01T16:19:43.357601+02:00] git.INFO: Git command preparing to run {"command":"\"C:\\Program Files\\Git\\cmd\\git.EXE\" config user.name Mangata"} []
[2020-09-01T16:19:43.831828+02:00] git.INFO: Git command successfully run {"command":"\"C:\\Program Files\\Git\\cmd\\git.EXE\" config user.name Mangata"} []
[2020-09-01T16:19:43.832643+02:00] git.INFO: Git command preparing to run {"command":"\"C:\\Program Files\\Git\\cmd\\git.EXE\" config user.email mangata.tony@gmail.com"} []
[2020-09-01T16:19:44.255030+02:00] git.INFO: Git command successfully run {"command":"\"C:\\Program Files\\Git\\cmd\\git.EXE\" config user.email mangata.tony@gmail.com"} []
[2020-09-01T16:19:44.255401+02:00] git.INFO: Git command preparing to run {"command":"\"C:\\Program Files\\Git\\cmd\\git.EXE\" clone \"https://github.com/Mangata-Dev/exam-js.git\" \"C:\\Projects\\intersession-2020-1-angry-noise-team\\storage\\app/Repositories/\""} []
[2020-09-01T16:19:44.673731+02:00] git.DEBUG: fatal: destination path 'C:\Projects\intersession-2020-1-angry-noise-team\storage\app/Repositories' already exists and is not an empty directory.  {"error":true,"command":"\"C:\\Program Files\\Git\\cmd\\git.EXE\" clone \"https://github.com/Mangata-Dev/exam-js.git\" \"C:\\Projects\\intersession-2020-1-angry-noise-team\\storage\\app/Repositories/\""} []
[2020-09-01T16:19:44.678690+02:00] git.ERROR: Error running Git command {"command":"\"C:\\Program Files\\Git\\cmd\\git.EXE\" clone \"https://github.com/Mangata-Dev/exam-js.git\" \"C:\\Projects\\intersession-2020-1-angry-noise-team\\storage\\app/Repositories/\""} []
[2020-09-01T16:23:43.306157+02:00] git.INFO: Git command preparing to run {"command":"\"C:\\Program Files\\Git\\cmd\\git.EXE\" config user.name Mangata"} []
[2020-09-01T16:23:43.749617+02:00] git.INFO: Git command successfully run {"command":"\"C:\\Program Files\\Git\\cmd\\git.EXE\" config user.name Mangata"} []
[2020-09-01T16:23:43.750217+02:00] git.INFO: Git command preparing to run {"command":"\"C:\\Program Files\\Git\\cmd\\git.EXE\" config user.email mangata.tony@gmail.com"} []
[2020-09-01T16:23:44.170301+02:00] git.INFO: Git command successfully run {"command":"\"C:\\Program Files\\Git\\cmd\\git.EXE\" config user.email mangata.tony@gmail.com"} []
[2020-09-01T16:23:44.170642+02:00] git.INFO: Git command preparing to run {"command":"\"C:\\Program Files\\Git\\cmd\\git.EXE\" clone \"https://github.com/Mangata-Dev/exam-js.git\" \"C:\\Projects\\intersession-2020-1-angry-noise-team\\storage\\app/Repositories/\""} []
[2020-09-01T16:23:44.592252+02:00] git.DEBUG: fatal: destination path 'C:\Projects\intersession-2020-1-angry-noise-team\storage\app/Repositories' already exists and is not an empty directory.  {"error":true,"command":"\"C:\\Program Files\\Git\\cmd\\git.EXE\" clone \"https://github.com/Mangata-Dev/exam-js.git\" \"C:\\Projects\\intersession-2020-1-angry-noise-team\\storage\\app/Repositories/\""} []
[2020-09-01T16:23:44.596488+02:00] git.ERROR: Error running Git command {"command":"\"C:\\Program Files\\Git\\cmd\\git.EXE\" clone \"https://github.com/Mangata-Dev/exam-js.git\" \"C:\\Projects\\intersession-2020-1-angry-noise-team\\storage\\app/Repositories/\""} []
[2020-09-01T16:26:46.816448+02:00] git.INFO: Git command preparing to run {"command":"\"C:\\Program Files\\Git\\cmd\\git.EXE\" config user.name Mangata"} []
[2020-09-01T16:26:47.258646+02:00] git.INFO: Git command successfully run {"command":"\"C:\\Program Files\\Git\\cmd\\git.EXE\" config user.name Mangata"} []
[2020-09-01T16:26:47.259483+02:00] git.INFO: Git command preparing to run {"command":"\"C:\\Program Files\\Git\\cmd\\git.EXE\" config user.email mangata.tony@gmail.com"} []
[2020-09-01T16:26:47.682860+02:00] git.INFO: Git command successfully run {"command":"\"C:\\Program Files\\Git\\cmd\\git.EXE\" config user.email mangata.tony@gmail.com"} []
[2020-09-01T16:26:47.683267+02:00] git.INFO: Git command preparing to run {"command":"\"C:\\Program Files\\Git\\cmd\\git.EXE\" clone \"https://github.com/Mangata-Dev/exam-js.git\" \"C:\\Projects\\intersession-2020-1-angry-noise-team\\storage\\app/Repositories/test\""} []
[2020-09-01T16:26:48.307740+02:00] git.DEBUG: Cloning into 'C:\Projects\intersession-2020-1-angry-noise-team\storage\app/Repositories/test'... fatal: unable to access 'https://github.com/Mangata-Dev/exam-js.git/': Could not resolve host: github.com  {"error":true,"command":"\"C:\\Program Files\\Git\\cmd\\git.EXE\" clone \"https://github.com/Mangata-Dev/exam-js.git\" \"C:\\Projects\\intersession-2020-1-angry-noise-team\\storage\\app/Repositories/test\""} []
[2020-09-01T16:26:48.511280+02:00] git.ERROR: Error running Git command {"command":"\"C:\\Program Files\\Git\\cmd\\git.EXE\" clone \"https://github.com/Mangata-Dev/exam-js.git\" \"C:\\Projects\\intersession-2020-1-angry-noise-team\\storage\\app/Repositories/test\""} []
[2020-09-01T16:31:08.127239+02:00] git.INFO: Git command preparing to run {"command":"\"C:\\Program Files\\Git\\cmd\\git.EXE\" config --global --unset https.proxy"} []
[2020-09-01T16:31:08.563498+02:00] git.DEBUG: fatal: $HOME not set  {"error":true,"command":"\"C:\\Program Files\\Git\\cmd\\git.EXE\" config --global --unset https.proxy"} []
[2020-09-01T16:31:08.568325+02:00] git.ERROR: Error running Git command {"command":"\"C:\\Program Files\\Git\\cmd\\git.EXE\" config --global --unset https.proxy"} []
[2020-09-01T16:43:54.790356+02:00] git.INFO: Git command preparing to run {"command":"\"C:\\Program Files\\Git\\cmd\\git.EXE\" config user.name Mangata"} []
[2020-09-01T16:43:55.231714+02:00] git.INFO: Git command successfully run {"command":"\"C:\\Program Files\\Git\\cmd\\git.EXE\" config user.name Mangata"} []
[2020-09-01T16:43:55.232730+02:00] git.INFO: Git command preparing to run {"command":"\"C:\\Program Files\\Git\\cmd\\git.EXE\" config user.email mangata.tony@gmail.com"} []
[2020-09-01T16:43:55.654112+02:00] git.INFO: Git command successfully run {"command":"\"C:\\Program Files\\Git\\cmd\\git.EXE\" config user.email mangata.tony@gmail.com"} []
[2020-09-01T16:43:55.654547+02:00] git.INFO: Git command preparing to run {"command":"\"C:\\Program Files\\Git\\cmd\\git.EXE\" clone \"https://github.com/Mangata-Dev/exam-js.git\" \"C:\\Projects\\intersession-2020-1-angry-noise-team\\storage\\app/Repositories/test\""} []
[2020-09-01T16:43:56.074075+02:00] git.DEBUG: Cloning into 'C:\Projects\intersession-2020-1-angry-noise-team\storage\app/Repositories/test'...  {"error":true,"command":"\"C:\\Program Files\\Git\\cmd\\git.EXE\" clone \"https://github.com/Mangata-Dev/exam-js.git\" \"C:\\Projects\\intersession-2020-1-angry-noise-team\\storage\\app/Repositories/test\""} []
[2020-09-01T16:43:56.275883+02:00] git.DEBUG: fatal: unable to access 'https://github.com/Mangata-Dev/exam-js.git/': Could not resolve host: github.com  {"error":true,"command":"\"C:\\Program Files\\Git\\cmd\\git.EXE\" clone \"https://github.com/Mangata-Dev/exam-js.git\" \"C:\\Projects\\intersession-2020-1-angry-noise-team\\storage\\app/Repositories/test\""} []
[2020-09-01T16:43:56.481162+02:00] git.ERROR: Error running Git command {"command":"\"C:\\Program Files\\Git\\cmd\\git.EXE\" clone \"https://github.com/Mangata-Dev/exam-js.git\" \"C:\\Projects\\intersession-2020-1-angry-noise-team\\storage\\app/Repositories/test\""} []
[2020-09-01T16:44:21.670623+02:00] git.INFO: Git command preparing to run {"command":"\"C:\\Program Files\\Git\\cmd\\git.EXE\" config user.name Mangata"} []
[2020-09-01T16:44:22.106044+02:00] git.INFO: Git command successfully run {"command":"\"C:\\Program Files\\Git\\cmd\\git.EXE\" config user.name Mangata"} []
[2020-09-01T16:44:22.106661+02:00] git.INFO: Git command preparing to run {"command":"\"C:\\Program Files\\Git\\cmd\\git.EXE\" config user.email mangata.tony@gmail.com"} []
[2020-09-01T16:44:22.532056+02:00] git.INFO: Git command successfully run {"command":"\"C:\\Program Files\\Git\\cmd\\git.EXE\" config user.email mangata.tony@gmail.com"} []
[2020-09-01T16:44:22.532619+02:00] git.INFO: Git command preparing to run {"command":"\"C:\\Program Files\\Git\\cmd\\git.EXE\" clone \"https://github.com/Mangata-Dev/exam-js.git\" \"C:\\Projects\\intersession-2020-1-angry-noise-team\\storage\\app/Repositories/test\""} []
[2020-09-01T16:44:23.155650+02:00] git.DEBUG: Cloning into 'C:\Projects\intersession-2020-1-angry-noise-team\storage\app/Repositories/test'... fatal: unable to access 'https://github.com/Mangata-Dev/exam-js.git/': Could not resolve host: github.com  {"error":true,"command":"\"C:\\Program Files\\Git\\cmd\\git.EXE\" clone \"https://github.com/Mangata-Dev/exam-js.git\" \"C:\\Projects\\intersession-2020-1-angry-noise-team\\storage\\app/Repositories/test\""} []
[2020-09-01T16:44:23.358495+02:00] git.ERROR: Error running Git command {"command":"\"C:\\Program Files\\Git\\cmd\\git.EXE\" clone \"https://github.com/Mangata-Dev/exam-js.git\" \"C:\\Projects\\intersession-2020-1-angry-noise-team\\storage\\app/Repositories/test\""} []
[2020-09-01T16:44:31.129897+02:00] git.INFO: Git command preparing to run {"command":"\"C:\\Program Files\\Git\\cmd\\git.EXE\" config user.name Mangata"} []
[2020-09-01T16:44:31.567196+02:00] git.INFO: Git command successfully run {"command":"\"C:\\Program Files\\Git\\cmd\\git.EXE\" config user.name Mangata"} []
[2020-09-01T16:44:31.568137+02:00] git.INFO: Git command preparing to run {"command":"\"C:\\Program Files\\Git\\cmd\\git.EXE\" config user.email mangata.tony@gmail.com"} []
[2020-09-01T16:44:31.990614+02:00] git.INFO: Git command successfully run {"command":"\"C:\\Program Files\\Git\\cmd\\git.EXE\" config user.email mangata.tony@gmail.com"} []
[2020-09-01T16:44:31.990982+02:00] git.INFO: Git command preparing to run {"command":"\"C:\\Program Files\\Git\\cmd\\git.EXE\" clone \"https://github.com/Mangata-Dev/exam-js.git\" \"C:\\Projects\\intersession-2020-1-angry-noise-team\\storage\\app/Repositories/test\""} []
[2020-09-01T16:44:32.421316+02:00] git.DEBUG: Cloning into 'C:\Projects\intersession-2020-1-angry-noise-team\storage\app/Repositories/test'...  {"error":true,"command":"\"C:\\Program Files\\Git\\cmd\\git.EXE\" clone \"https://github.com/Mangata-Dev/exam-js.git\" \"C:\\Projects\\intersession-2020-1-angry-noise-team\\storage\\app/Repositories/test\""} []
[2020-09-01T16:44:32.623471+02:00] git.DEBUG: fatal: unable to access 'https://github.com/Mangata-Dev/exam-js.git/': Could not resolve host: github.com  {"error":true,"command":"\"C:\\Program Files\\Git\\cmd\\git.EXE\" clone \"https://github.com/Mangata-Dev/exam-js.git\" \"C:\\Projects\\intersession-2020-1-angry-noise-team\\storage\\app/Repositories/test\""} []
[2020-09-01T16:44:32.827192+02:00] git.ERROR: Error running Git command {"command":"\"C:\\Program Files\\Git\\cmd\\git.EXE\" clone \"https://github.com/Mangata-Dev/exam-js.git\" \"C:\\Projects\\intersession-2020-1-angry-noise-team\\storage\\app/Repositories/test\""} []
[2020-09-01T16:51:55.687399+02:00] git.INFO: Git command preparing to run {"command":"\"C:\\Program Files\\Git\\cmd\\git.EXE\" config --global user.name Mangata"} []
[2020-09-01T16:51:56.133764+02:00] git.INFO: Git command successfully run {"command":"\"C:\\Program Files\\Git\\cmd\\git.EXE\" config --global user.name Mangata"} []
[2020-09-01T16:51:56.134102+02:00] git.INFO: Git command preparing to run {"command":"\"C:\\Program Files\\Git\\cmd\\git.EXE\" config --global user.email mangata.tony@gmail.com"} []
[2020-09-01T16:51:56.553017+02:00] git.INFO: Git command successfully run {"command":"\"C:\\Program Files\\Git\\cmd\\git.EXE\" config --global user.email mangata.tony@gmail.com"} []
[2020-09-01T16:51:56.557497+02:00] git.INFO: Git command preparing to run {"command":"\"C:\\Program Files\\Git\\cmd\\git.EXE\" config user.name Mangata"} []
[2020-09-01T16:51:56.978509+02:00] git.INFO: Git command successfully run {"command":"\"C:\\Program Files\\Git\\cmd\\git.EXE\" config user.name Mangata"} []
[2020-09-01T16:51:56.979145+02:00] git.INFO: Git command preparing to run {"command":"\"C:\\Program Files\\Git\\cmd\\git.EXE\" config user.email mangata.tony@gmail.com"} []
[2020-09-01T16:51:57.401371+02:00] git.INFO: Git command successfully run {"command":"\"C:\\Program Files\\Git\\cmd\\git.EXE\" config user.email mangata.tony@gmail.com"} []
[2020-09-01T16:51:57.402066+02:00] git.INFO: Git command preparing to run {"command":"\"C:\\Program Files\\Git\\cmd\\git.EXE\" clone \"https://github.com/Mangata-Dev/exam-js.git\" \"C:\\Projects\\intersession-2020-1-angry-noise-team\\storage\\app/Repositories/test\""} []
[2020-09-01T16:51:57.823251+02:00] git.DEBUG: Cloning into 'C:\Projects\intersession-2020-1-angry-noise-team\storage\app/Repositories/test'...  {"error":true,"command":"\"C:\\Program Files\\Git\\cmd\\git.EXE\" clone \"https://github.com/Mangata-Dev/exam-js.git\" \"C:\\Projects\\intersession-2020-1-angry-noise-team\\storage\\app/Repositories/test\""} []
[2020-09-01T16:51:58.024791+02:00] git.DEBUG: fatal: unable to access 'https://github.com/Mangata-Dev/exam-js.git/': Could not resolve host: github.com  {"error":true,"command":"\"C:\\Program Files\\Git\\cmd\\git.EXE\" clone \"https://github.com/Mangata-Dev/exam-js.git\" \"C:\\Projects\\intersession-2020-1-angry-noise-team\\storage\\app/Repositories/test\""} []
[2020-09-01T16:51:58.230556+02:00] git.ERROR: Error running Git command {"command":"\"C:\\Program Files\\Git\\cmd\\git.EXE\" clone \"https://github.com/Mangata-Dev/exam-js.git\" \"C:\\Projects\\intersession-2020-1-angry-noise-team\\storage\\app/Repositories/test\""} []
[2020-09-01T16:53:57.850614+02:00] git.INFO: Git command preparing to run {"command":"\"C:\\Program Files\\Git\\cmd\\git.EXE\" config --global --unset https.proxy"} []
[2020-09-01T16:53:58.292181+02:00] git.ERROR: Error running Git command {"command":"\"C:\\Program Files\\Git\\cmd\\git.EXE\" config --global --unset https.proxy"} []
[2020-09-01T16:54:57.843667+02:00] git.INFO: Git command preparing to run {"command":"\"C:\\Program Files\\Git\\cmd\\git.EXE\" config --global --unset http.proxy"} []
[2020-09-01T16:54:58.289851+02:00] git.ERROR: Error running Git command {"command":"\"C:\\Program Files\\Git\\cmd\\git.EXE\" config --global --unset http.proxy"} []
[2020-09-01T16:55:50.112712+02:00] git.INFO: Git command preparing to run {"command":"\"C:\\Program Files\\Git\\cmd\\git.EXE\" config --global user.name Mangata"} []
[2020-09-01T16:55:50.546629+02:00] git.INFO: Git command successfully run {"command":"\"C:\\Program Files\\Git\\cmd\\git.EXE\" config --global user.name Mangata"} []
[2020-09-01T16:55:50.547119+02:00] git.INFO: Git command preparing to run {"command":"\"C:\\Program Files\\Git\\cmd\\git.EXE\" config --global user.email mangata.tony@gmail.com"} []
[2020-09-01T16:55:50.968010+02:00] git.INFO: Git command successfully run {"command":"\"C:\\Program Files\\Git\\cmd\\git.EXE\" config --global user.email mangata.tony@gmail.com"} []
[2020-09-01T16:55:50.973122+02:00] git.INFO: Git command preparing to run {"command":"\"C:\\Program Files\\Git\\cmd\\git.EXE\" config user.name Mangata"} []
[2020-09-01T16:55:51.391349+02:00] git.INFO: Git command successfully run {"command":"\"C:\\Program Files\\Git\\cmd\\git.EXE\" config user.name Mangata"} []
[2020-09-01T16:55:51.392013+02:00] git.INFO: Git command preparing to run {"command":"\"C:\\Program Files\\Git\\cmd\\git.EXE\" config user.email mangata.tony@gmail.com"} []
[2020-09-01T16:55:51.808976+02:00] git.INFO: Git command successfully run {"command":"\"C:\\Program Files\\Git\\cmd\\git.EXE\" config user.email mangata.tony@gmail.com"} []
[2020-09-01T16:55:51.809564+02:00] git.INFO: Git command preparing to run {"command":"\"C:\\Program Files\\Git\\cmd\\git.EXE\" clone \"https://github.com/Mangata-Dev/exam-js.git\" \"C:\\Projects\\intersession-2020-1-angry-noise-team\\storage\\app/Repositories/test\""} []
[2020-09-01T16:55:52.229923+02:00] git.DEBUG: Cloning into 'C:\Projects\intersession-2020-1-angry-noise-team\storage\app/Repositories/test'...  {"error":true,"command":"\"C:\\Program Files\\Git\\cmd\\git.EXE\" clone \"https://github.com/Mangata-Dev/exam-js.git\" \"C:\\Projects\\intersession-2020-1-angry-noise-team\\storage\\app/Repositories/test\""} []
[2020-09-01T16:55:52.431836+02:00] git.DEBUG: fatal: unable to access 'https://github.com/Mangata-Dev/exam-js.git/': Could not resolve host: github.com  {"error":true,"command":"\"C:\\Program Files\\Git\\cmd\\git.EXE\" clone \"https://github.com/Mangata-Dev/exam-js.git\" \"C:\\Projects\\intersession-2020-1-angry-noise-team\\storage\\app/Repositories/test\""} []
[2020-09-01T16:55:52.636228+02:00] git.ERROR: Error running Git command {"command":"\"C:\\Program Files\\Git\\cmd\\git.EXE\" clone \"https://github.com/Mangata-Dev/exam-js.git\" \"C:\\Projects\\intersession-2020-1-angry-noise-team\\storage\\app/Repositories/test\""} []
[2020-09-01T16:57:12.145194+02:00] git.INFO: Git command preparing to run {"command":"\"C:\\Program Files\\Git\\cmd\\git.EXE\" config --global user.name Mangata"} []
[2020-09-01T16:57:12.584420+02:00] git.INFO: Git command successfully run {"command":"\"C:\\Program Files\\Git\\cmd\\git.EXE\" config --global user.name Mangata"} []
[2020-09-01T16:57:12.584848+02:00] git.INFO: Git command preparing to run {"command":"\"C:\\Program Files\\Git\\cmd\\git.EXE\" config --global user.email mangata.tony@gmail.com"} []
[2020-09-01T16:57:13.004895+02:00] git.INFO: Git command successfully run {"command":"\"C:\\Program Files\\Git\\cmd\\git.EXE\" config --global user.email mangata.tony@gmail.com"} []
[2020-09-01T16:57:13.007799+02:00] git.INFO: Git command preparing to run {"command":"\"C:\\Program Files\\Git\\cmd\\git.EXE\" config user.name Mangata"} []
[2020-09-01T16:57:13.429883+02:00] git.INFO: Git command successfully run {"command":"\"C:\\Program Files\\Git\\cmd\\git.EXE\" config user.name Mangata"} []
[2020-09-01T16:57:13.430645+02:00] git.INFO: Git command preparing to run {"command":"\"C:\\Program Files\\Git\\cmd\\git.EXE\" config user.email mangata.tony@gmail.com"} []
[2020-09-01T16:57:13.850022+02:00] git.INFO: Git command successfully run {"command":"\"C:\\Program Files\\Git\\cmd\\git.EXE\" config user.email mangata.tony@gmail.com"} []
[2020-09-01T16:57:13.850366+02:00] git.INFO: Git command preparing to run {"command":"\"C:\\Program Files\\Git\\cmd\\git.EXE\" clone \"git://github.com/Mangata-Dev/exam-js.git\" \"C:\\Projects\\intersession-2020-1-angry-noise-team\\storage\\app/Repositories/test\""} []
[2020-09-01T16:57:14.480656+02:00] git.DEBUG: Cloning into 'C:\Projects\intersession-2020-1-angry-noise-team\storage\app/Repositories/test'... fatal: unable to look up github.com (port 9418) (Une erreur irrécupérable s)  {"error":true,"command":"\"C:\\Program Files\\Git\\cmd\\git.EXE\" clone \"git://github.com/Mangata-Dev/exam-js.git\" \"C:\\Projects\\intersession-2020-1-angry-noise-team\\storage\\app/Repositories/test\""} []
[2020-09-01T16:57:14.485783+02:00] git.ERROR: Error running Git command {"command":"\"C:\\Program Files\\Git\\cmd\\git.EXE\" clone \"git://github.com/Mangata-Dev/exam-js.git\" \"C:\\Projects\\intersession-2020-1-angry-noise-team\\storage\\app/Repositories/test\""} []
[2020-09-01T16:59:23.906842+02:00] git.INFO: Git command preparing to run {"command":"\"C:\\Program Files\\Git\\cmd\\git.EXE\" config --global user.name Mangata"} []
[2020-09-01T16:59:24.342347+02:00] git.INFO: Git command successfully run {"command":"\"C:\\Program Files\\Git\\cmd\\git.EXE\" config --global user.name Mangata"} []
[2020-09-01T16:59:24.342806+02:00] git.INFO: Git command preparing to run {"command":"\"C:\\Program Files\\Git\\cmd\\git.EXE\" config --global user.email mangata.tony@gmail.com"} []
[2020-09-01T16:59:24.764314+02:00] git.INFO: Git command successfully run {"command":"\"C:\\Program Files\\Git\\cmd\\git.EXE\" config --global user.email mangata.tony@gmail.com"} []
[2020-09-01T16:59:24.767980+02:00] git.INFO: Git command preparing to run {"command":"\"C:\\Program Files\\Git\\cmd\\git.EXE\" config user.name Mangata"} []
[2020-09-01T16:59:25.188113+02:00] git.INFO: Git command successfully run {"command":"\"C:\\Program Files\\Git\\cmd\\git.EXE\" config user.name Mangata"} []
[2020-09-01T16:59:25.188854+02:00] git.INFO: Git command preparing to run {"command":"\"C:\\Program Files\\Git\\cmd\\git.EXE\" config user.email mangata.tony@gmail.com"} []
[2020-09-01T16:59:25.611798+02:00] git.INFO: Git command successfully run {"command":"\"C:\\Program Files\\Git\\cmd\\git.EXE\" config user.email mangata.tony@gmail.com"} []
[2020-09-01T16:59:25.612347+02:00] git.INFO: Git command preparing to run {"command":"\"C:\\Program Files\\Git\\cmd\\git.EXE\" clone \"https://github.com/Mangata-Dev/exam-js.git\" \"C:\\Projects\\intersession-2020-1-angry-noise-team\\storage\\app/Repositories/test\""} []
[2020-09-01T16:59:26.044331+02:00] git.DEBUG: Cloning into 'C:\Projects\intersession-2020-1-angry-noise-team\storage\app/Repositories/test'...  {"error":true,"command":"\"C:\\Program Files\\Git\\cmd\\git.EXE\" clone \"https://github.com/Mangata-Dev/exam-js.git\" \"C:\\Projects\\intersession-2020-1-angry-noise-team\\storage\\app/Repositories/test\""} []
[2020-09-01T16:59:26.248355+02:00] git.DEBUG: fatal: unable to access 'https://github.com/Mangata-Dev/exam-js.git/': Could not resolve host: github.com  {"error":true,"command":"\"C:\\Program Files\\Git\\cmd\\git.EXE\" clone \"https://github.com/Mangata-Dev/exam-js.git\" \"C:\\Projects\\intersession-2020-1-angry-noise-team\\storage\\app/Repositories/test\""} []
[2020-09-01T16:59:26.451676+02:00] git.ERROR: Error running Git command {"command":"\"C:\\Program Files\\Git\\cmd\\git.EXE\" clone \"https://github.com/Mangata-Dev/exam-js.git\" \"C:\\Projects\\intersession-2020-1-angry-noise-team\\storage\\app/Repositories/test\""} []
[2020-09-01T17:03:15.189156+02:00] git.INFO: Git command preparing to run {"command":"\"C:\\Program Files\\Git\\cmd\\git.EXE\" config --global user.name Mangata"} []
[2020-09-01T17:03:15.624574+02:00] git.INFO: Git command successfully run {"command":"\"C:\\Program Files\\Git\\cmd\\git.EXE\" config --global user.name Mangata"} []
[2020-09-01T17:03:15.624947+02:00] git.INFO: Git command preparing to run {"command":"\"C:\\Program Files\\Git\\cmd\\git.EXE\" config --global user.email mangata.tony@gmail.com"} []
[2020-09-01T17:03:16.042839+02:00] git.INFO: Git command successfully run {"command":"\"C:\\Program Files\\Git\\cmd\\git.EXE\" config --global user.email mangata.tony@gmail.com"} []
[2020-09-01T17:03:16.043171+02:00] git.INFO: Git command preparing to run {"command":"\"C:\\Program Files\\Git\\cmd\\git.EXE\" config --global --unset http.proxy \"\""} []
[2020-09-01T17:03:16.462976+02:00] git.ERROR: Error running Git command {"command":"\"C:\\Program Files\\Git\\cmd\\git.EXE\" config --global --unset http.proxy \"\""} []
[2020-09-01T17:03:20.382689+02:00] git.INFO: Git command preparing to run {"command":"\"C:\\Program Files\\Git\\cmd\\git.EXE\" config --global user.name Mangata"} []
[2020-09-01T17:03:20.808479+02:00] git.INFO: Git command successfully run {"command":"\"C:\\Program Files\\Git\\cmd\\git.EXE\" config --global user.name Mangata"} []
[2020-09-01T17:03:20.809224+02:00] git.INFO: Git command preparing to run {"command":"\"C:\\Program Files\\Git\\cmd\\git.EXE\" config --global user.email mangata.tony@gmail.com"} []
[2020-09-01T17:03:21.226931+02:00] git.INFO: Git command successfully run {"command":"\"C:\\Program Files\\Git\\cmd\\git.EXE\" config --global user.email mangata.tony@gmail.com"} []
[2020-09-01T17:03:21.227423+02:00] git.INFO: Git command preparing to run {"command":"\"C:\\Program Files\\Git\\cmd\\git.EXE\" config --global --unset http.proxy \"\""} []
[2020-09-01T17:03:21.645436+02:00] git.ERROR: Error running Git command {"command":"\"C:\\Program Files\\Git\\cmd\\git.EXE\" config --global --unset http.proxy \"\""} []
[2020-09-01T17:06:38.490308+02:00] git.INFO: Git command preparing to run {"command":"\"C:\\Program Files\\Git\\cmd\\git.EXE\" config --global user.name Mangata"} []
[2020-09-01T17:06:38.705566+02:00] git.INFO: Git command successfully run {"command":"\"C:\\Program Files\\Git\\cmd\\git.EXE\" config --global user.name Mangata"} []
[2020-09-01T17:06:38.705763+02:00] git.INFO: Git command preparing to run {"command":"\"C:\\Program Files\\Git\\cmd\\git.EXE\" config --global user.email mangata.tony@gmail.com"} []
[2020-09-01T17:06:38.913062+02:00] git.INFO: Git command successfully run {"command":"\"C:\\Program Files\\Git\\cmd\\git.EXE\" config --global user.email mangata.tony@gmail.com"} []
[2020-09-01T17:06:38.913558+02:00] git.INFO: Git command preparing to run {"command":"\"C:\\Program Files\\Git\\cmd\\git.EXE\" config --unset http.proxy"} []
[2020-09-01T17:06:39.338699+02:00] git.ERROR: Error running Git command {"command":"\"C:\\Program Files\\Git\\cmd\\git.EXE\" config --unset http.proxy"} []
[2020-09-01T17:06:40.513194+02:00] git.INFO: Git command preparing to run {"command":"\"C:\\Program Files\\Git\\cmd\\git.EXE\" config --global user.name Mangata"} []
[2020-09-01T17:06:40.946773+02:00] git.INFO: Git command successfully run {"command":"\"C:\\Program Files\\Git\\cmd\\git.EXE\" config --global user.name Mangata"} []
[2020-09-01T17:06:40.946885+02:00] git.INFO: Git command preparing to run {"command":"\"C:\\Program Files\\Git\\cmd\\git.EXE\" config --global user.email mangata.tony@gmail.com"} []
[2020-09-01T17:06:41.153001+02:00] git.INFO: Git command successfully run {"command":"\"C:\\Program Files\\Git\\cmd\\git.EXE\" config --global user.email mangata.tony@gmail.com"} []
[2020-09-01T17:06:41.153322+02:00] git.INFO: Git command preparing to run {"command":"\"C:\\Program Files\\Git\\cmd\\git.EXE\" config --unset http.proxy"} []
[2020-09-01T17:06:41.571655+02:00] git.ERROR: Error running Git command {"command":"\"C:\\Program Files\\Git\\cmd\\git.EXE\" config --unset http.proxy"} []
[2020-09-01T17:07:12.375484+02:00] git.INFO: Git command preparing to run {"command":"\"C:\\Program Files\\Git\\cmd\\git.EXE\" config --global user.name Mangata"} []
[2020-09-01T17:07:12.804227+02:00] git.INFO: Git command successfully run {"command":"\"C:\\Program Files\\Git\\cmd\\git.EXE\" config --global user.name Mangata"} []
[2020-09-01T17:07:12.804755+02:00] git.INFO: Git command preparing to run {"command":"\"C:\\Program Files\\Git\\cmd\\git.EXE\" config --global user.email mangata.tony@gmail.com"} []
[2020-09-01T17:07:13.253493+02:00] git.INFO: Git command successfully run {"command":"\"C:\\Program Files\\Git\\cmd\\git.EXE\" config --global user.email mangata.tony@gmail.com"} []
[2020-09-01T17:07:13.253961+02:00] git.INFO: Git command preparing to run {"command":"\"C:\\Program Files\\Git\\cmd\\git.EXE\" config --global --unset http.proxy"} []
[2020-09-01T17:07:13.672873+02:00] git.ERROR: Error running Git command {"command":"\"C:\\Program Files\\Git\\cmd\\git.EXE\" config --global --unset http.proxy"} []
[2020-09-01T17:12:03.159655+02:00] git.INFO: Git command preparing to run {"command":"\"C:\\Program Files\\Git\\cmd\\git.EXE\" config --global user.name Mangata"} []
[2020-09-01T17:12:03.596804+02:00] git.INFO: Git command successfully run {"command":"\"C:\\Program Files\\Git\\cmd\\git.EXE\" config --global user.name Mangata"} []
[2020-09-01T17:12:03.597321+02:00] git.INFO: Git command preparing to run {"command":"\"C:\\Program Files\\Git\\cmd\\git.EXE\" config --global user.email mangata.tony@gmail.com"} []
[2020-09-01T17:12:04.017426+02:00] git.INFO: Git command successfully run {"command":"\"C:\\Program Files\\Git\\cmd\\git.EXE\" config --global user.email mangata.tony@gmail.com"} []
[2020-09-01T17:12:04.017757+02:00] git.INFO: Git command preparing to run {"command":"\"C:\\Program Files\\Git\\cmd\\git.EXE\" config --global --unset http.proxy"} []
[2020-09-01T17:12:04.444548+02:00] git.ERROR: Error running Git command {"command":"\"C:\\Program Files\\Git\\cmd\\git.EXE\" config --global --unset http.proxy"} []
[2020-09-01T17:12:32.797106+02:00] git.INFO: Git command preparing to run {"command":"\"C:\\Program Files\\Git\\cmd\\git.EXE\" config --global user.name Mangata"} []
[2020-09-01T17:12:33.225049+02:00] git.INFO: Git command successfully run {"command":"\"C:\\Program Files\\Git\\cmd\\git.EXE\" config --global user.name Mangata"} []
[2020-09-01T17:12:33.225533+02:00] git.INFO: Git command preparing to run {"command":"\"C:\\Program Files\\Git\\cmd\\git.EXE\" config --global user.email mangata.tony@gmail.com"} []
[2020-09-01T17:12:33.643303+02:00] git.INFO: Git command successfully run {"command":"\"C:\\Program Files\\Git\\cmd\\git.EXE\" config --global user.email mangata.tony@gmail.com"} []
[2020-09-01T17:12:33.647089+02:00] git.INFO: Git command preparing to run {"command":"\"C:\\Program Files\\Git\\cmd\\git.EXE\" config user.name Mangata"} []
[2020-09-01T17:12:34.064748+02:00] git.INFO: Git command successfully run {"command":"\"C:\\Program Files\\Git\\cmd\\git.EXE\" config user.name Mangata"} []
[2020-09-01T17:12:34.065442+02:00] git.INFO: Git command preparing to run {"command":"\"C:\\Program Files\\Git\\cmd\\git.EXE\" config user.email mangata.tony@gmail.com"} []
[2020-09-01T17:12:34.482673+02:00] git.INFO: Git command successfully run {"command":"\"C:\\Program Files\\Git\\cmd\\git.EXE\" config user.email mangata.tony@gmail.com"} []
[2020-09-01T17:12:34.483072+02:00] git.INFO: Git command preparing to run {"command":"\"C:\\Program Files\\Git\\cmd\\git.EXE\" clone \"https://github.com/Mangata-Dev/exam-js.git\" \"C:\\Projects\\intersession-2020-1-angry-noise-team\\storage\\app/Repositories/test\""} []
[2020-09-01T17:12:35.305115+02:00] git.DEBUG: Cloning into 'C:\Projects\intersession-2020-1-angry-noise-team\storage\app/Repositories/test'...  {"error":true,"command":"\"C:\\Program Files\\Git\\cmd\\git.EXE\" clone \"https://github.com/Mangata-Dev/exam-js.git\" \"C:\\Projects\\intersession-2020-1-angry-noise-team\\storage\\app/Repositories/test\""} []
[2020-09-01T17:12:35.505924+02:00] git.DEBUG: fatal: unable to access 'https://github.com/Mangata-Dev/exam-js.git/': Could not resolve host: github.com  {"error":true,"command":"\"C:\\Program Files\\Git\\cmd\\git.EXE\" clone \"https://github.com/Mangata-Dev/exam-js.git\" \"C:\\Projects\\intersession-2020-1-angry-noise-team\\storage\\app/Repositories/test\""} []
[2020-09-01T17:12:35.509490+02:00] git.ERROR: Error running Git command {"command":"\"C:\\Program Files\\Git\\cmd\\git.EXE\" clone \"https://github.com/Mangata-Dev/exam-js.git\" \"C:\\Projects\\intersession-2020-1-angry-noise-team\\storage\\app/Repositories/test\""} []
[2020-09-01T17:15:42.266510+02:00] git.INFO: Git command preparing to run {"command":"\"C:\\Program Files\\Git\\cmd\\git.EXE\" config --global user.name Mangata"} []
[2020-09-01T17:15:42.700511+02:00] git.INFO: Git command successfully run {"command":"\"C:\\Program Files\\Git\\cmd\\git.EXE\" config --global user.name Mangata"} []
[2020-09-01T17:15:42.701043+02:00] git.INFO: Git command preparing to run {"command":"\"C:\\Program Files\\Git\\cmd\\git.EXE\" config --global user.email mangata.tony@gmail.com"} []
[2020-09-01T17:15:43.124217+02:00] git.INFO: Git command successfully run {"command":"\"C:\\Program Files\\Git\\cmd\\git.EXE\" config --global user.email mangata.tony@gmail.com"} []
[2020-09-01T17:15:43.128138+02:00] git.INFO: Git command preparing to run {"command":"\"C:\\Program Files\\Git\\cmd\\git.EXE\" config user.name Mangata"} []
[2020-09-01T17:15:43.545873+02:00] git.INFO: Git command successfully run {"command":"\"C:\\Program Files\\Git\\cmd\\git.EXE\" config user.name Mangata"} []
[2020-09-01T17:15:43.546590+02:00] git.INFO: Git command preparing to run {"command":"\"C:\\Program Files\\Git\\cmd\\git.EXE\" config user.email mangata.tony@gmail.com"} []
[2020-09-01T17:15:43.963703+02:00] git.INFO: Git command successfully run {"command":"\"C:\\Program Files\\Git\\cmd\\git.EXE\" config user.email mangata.tony@gmail.com"} []
[2020-09-01T17:15:43.964082+02:00] git.INFO: Git command preparing to run {"command":"\"C:\\Program Files\\Git\\cmd\\git.EXE\" clone \"git://github.com/Mangata-Dev/exam-js.git\" \"C:\\Projects\\intersession-2020-1-angry-noise-team\\storage\\app/Repositories/test\""} []
[2020-09-01T17:15:44.384184+02:00] git.DEBUG: Cloning into 'C:\Projects\intersession-2020-1-angry-noise-team\storage\app/Repositories/test'... fatal: unable to look up github.com (port 9418) (Une erreur irrécupérable s)  {"error":true,"command":"\"C:\\Program Files\\Git\\cmd\\git.EXE\" clone \"git://github.com/Mangata-Dev/exam-js.git\" \"C:\\Projects\\intersession-2020-1-angry-noise-team\\storage\\app/Repositories/test\""} []
[2020-09-01T17:15:44.588546+02:00] git.ERROR: Error running Git command {"command":"\"C:\\Program Files\\Git\\cmd\\git.EXE\" clone \"git://github.com/Mangata-Dev/exam-js.git\" \"C:\\Projects\\intersession-2020-1-angry-noise-team\\storage\\app/Repositories/test\""} []
[2020-09-01T17:21:13.915953+02:00] git.INFO: Git command preparing to run {"command":"\"C:\\Program Files\\Git\\cmd\\git.EXE\" config --global user.name Mangata"} []
[2020-09-01T17:21:14.350367+02:00] git.INFO: Git command successfully run {"command":"\"C:\\Program Files\\Git\\cmd\\git.EXE\" config --global user.name Mangata"} []
[2020-09-01T17:21:14.350691+02:00] git.INFO: Git command preparing to run {"command":"\"C:\\Program Files\\Git\\cmd\\git.EXE\" config --global user.email mangata.tony@gmail.com"} []
[2020-09-01T17:21:14.768154+02:00] git.INFO: Git command successfully run {"command":"\"C:\\Program Files\\Git\\cmd\\git.EXE\" config --global user.email mangata.tony@gmail.com"} []
[2020-09-01T17:21:14.771963+02:00] git.INFO: Git command preparing to run {"command":"\"C:\\Program Files\\Git\\cmd\\git.EXE\" config user.name Mangata"} []
[2020-09-01T17:21:15.190272+02:00] git.INFO: Git command successfully run {"command":"\"C:\\Program Files\\Git\\cmd\\git.EXE\" config user.name Mangata"} []
[2020-09-01T17:21:15.191087+02:00] git.INFO: Git command preparing to run {"command":"\"C:\\Program Files\\Git\\cmd\\git.EXE\" config user.email mangata.tony@gmail.com"} []
[2020-09-01T17:21:15.610731+02:00] git.INFO: Git command successfully run {"command":"\"C:\\Program Files\\Git\\cmd\\git.EXE\" config user.email mangata.tony@gmail.com"} []
[2020-09-01T17:24:51.699958+02:00] git.INFO: Git command preparing to run {"command":"\"C:\\Program Files\\Git\\cmd\\git.EXE\" config --global user.name Mangata"} []
[2020-09-01T17:24:52.143262+02:00] git.INFO: Git command successfully run {"command":"\"C:\\Program Files\\Git\\cmd\\git.EXE\" config --global user.name Mangata"} []
[2020-09-01T17:24:52.143669+02:00] git.INFO: Git command preparing to run {"command":"\"C:\\Program Files\\Git\\cmd\\git.EXE\" config --global user.email mangata.tony@gmail.com"} []
[2020-09-01T17:24:52.561077+02:00] git.INFO: Git command successfully run {"command":"\"C:\\Program Files\\Git\\cmd\\git.EXE\" config --global user.email mangata.tony@gmail.com"} []
[2020-09-01T17:24:52.565384+02:00] git.INFO: Git command preparing to run {"command":"\"C:\\Program Files\\Git\\cmd\\git.EXE\" config user.name Mangata"} []
[2020-09-01T17:24:52.982498+02:00] git.INFO: Git command successfully run {"command":"\"C:\\Program Files\\Git\\cmd\\git.EXE\" config user.name Mangata"} []
[2020-09-01T17:24:52.983245+02:00] git.INFO: Git command preparing to run {"command":"\"C:\\Program Files\\Git\\cmd\\git.EXE\" config user.email mangata.tony@gmail.com"} []
[2020-09-01T17:24:53.400583+02:00] git.INFO: Git command successfully run {"command":"\"C:\\Program Files\\Git\\cmd\\git.EXE\" config user.email mangata.tony@gmail.com"} []
[2020-09-01T17:24:53.401136+02:00] git.INFO: Git command preparing to run {"command":"\"C:\\Program Files\\Git\\cmd\\git.EXE\" clone \"git://github.com/Mangata-Dev/exam-js.git\" \"C:\\Projects\\intersession-2020-1-angry-noise-team\\storage\\app/Repositories/test\""} []
[2020-09-01T17:24:54.019999+02:00] git.DEBUG: Cloning into 'C:\Projects\intersession-2020-1-angry-noise-team\storage\app/Repositories/test'... fatal: unable to look up github.com (port 9418) (Une erreur irrécupérable s)  {"error":true,"command":"\"C:\\Program Files\\Git\\cmd\\git.EXE\" clone \"git://github.com/Mangata-Dev/exam-js.git\" \"C:\\Projects\\intersession-2020-1-angry-noise-team\\storage\\app/Repositories/test\""} []
[2020-09-01T17:24:54.024017+02:00] git.ERROR: Error running Git command {"command":"\"C:\\Program Files\\Git\\cmd\\git.EXE\" clone \"git://github.com/Mangata-Dev/exam-js.git\" \"C:\\Projects\\intersession-2020-1-angry-noise-team\\storage\\app/Repositories/test\""} []
[2020-09-01T17:27:39.013934+02:00] git.INFO: Git command preparing to run {"command":"\"C:\\Program Files\\Git\\cmd\\git.EXE\" config --global user.name Mangata"} []
[2020-09-01T17:27:39.449778+02:00] git.INFO: Git command successfully run {"command":"\"C:\\Program Files\\Git\\cmd\\git.EXE\" config --global user.name Mangata"} []
[2020-09-01T17:27:39.450177+02:00] git.INFO: Git command preparing to run {"command":"\"C:\\Program Files\\Git\\cmd\\git.EXE\" config --global user.email mangata.tony@gmail.com"} []
[2020-09-01T17:27:39.868887+02:00] git.INFO: Git command successfully run {"command":"\"C:\\Program Files\\Git\\cmd\\git.EXE\" config --global user.email mangata.tony@gmail.com"} []
[2020-09-01T17:27:39.872656+02:00] git.INFO: Git command preparing to run {"command":"\"C:\\Program Files\\Git\\cmd\\git.EXE\" config user.name Mangata"} []
[2020-09-01T17:27:40.290325+02:00] git.INFO: Git command successfully run {"command":"\"C:\\Program Files\\Git\\cmd\\git.EXE\" config user.name Mangata"} []
[2020-09-01T17:27:40.291058+02:00] git.INFO: Git command preparing to run {"command":"\"C:\\Program Files\\Git\\cmd\\git.EXE\" config user.email mangata.tony@gmail.com"} []
[2020-09-01T17:27:40.710477+02:00] git.INFO: Git command successfully run {"command":"\"C:\\Program Files\\Git\\cmd\\git.EXE\" config user.email mangata.tony@gmail.com"} []
[2020-09-01T17:27:40.710893+02:00] git.INFO: Git command preparing to run {"command":"\"C:\\Program Files\\Git\\cmd\\git.EXE\" clone \"https://github.com/Mangata-Dev/exam-js.git\" \"C:\\Projects\\intersession-2020-1-angry-noise-team\\storage\\app/Repositories/test\""} []
[2020-09-01T17:27:41.128009+02:00] git.DEBUG: Cloning into 'C:\Projects\intersession-2020-1-angry-noise-team\storage\app/Repositories/test'...  {"error":true,"command":"\"C:\\Program Files\\Git\\cmd\\git.EXE\" clone \"https://github.com/Mangata-Dev/exam-js.git\" \"C:\\Projects\\intersession-2020-1-angry-noise-team\\storage\\app/Repositories/test\""} []
[2020-09-01T17:27:41.329711+02:00] git.DEBUG: fatal: unable to access 'https://github.com/Mangata-Dev/exam-js.git/': Could not resolve host: github.com  {"error":true,"command":"\"C:\\Program Files\\Git\\cmd\\git.EXE\" clone \"https://github.com/Mangata-Dev/exam-js.git\" \"C:\\Projects\\intersession-2020-1-angry-noise-team\\storage\\app/Repositories/test\""} []
[2020-09-01T17:27:41.334243+02:00] git.ERROR: Error running Git command {"command":"\"C:\\Program Files\\Git\\cmd\\git.EXE\" clone \"https://github.com/Mangata-Dev/exam-js.git\" \"C:\\Projects\\intersession-2020-1-angry-noise-team\\storage\\app/Repositories/test\""} []
[2020-09-01T17:32:01.337519+02:00] git.INFO: Git command preparing to run {"command":"\"C:\\Program Files\\Git\\cmd\\git.EXE\" config --global user.name Mangata"} []
[2020-09-01T17:32:01.772057+02:00] git.INFO: Git command successfully run {"command":"\"C:\\Program Files\\Git\\cmd\\git.EXE\" config --global user.name Mangata"} []
[2020-09-01T17:32:01.772610+02:00] git.INFO: Git command preparing to run {"command":"\"C:\\Program Files\\Git\\cmd\\git.EXE\" config --global user.email mangata.tony@gmail.com"} []
[2020-09-01T17:32:02.190324+02:00] git.INFO: Git command successfully run {"command":"\"C:\\Program Files\\Git\\cmd\\git.EXE\" config --global user.email mangata.tony@gmail.com"} []
[2020-09-01T17:32:02.193972+02:00] git.INFO: Git command preparing to run {"command":"\"C:\\Program Files\\Git\\cmd\\git.EXE\" config user.name Mangata"} []
[2020-09-01T17:32:02.611038+02:00] git.INFO: Git command successfully run {"command":"\"C:\\Program Files\\Git\\cmd\\git.EXE\" config user.name Mangata"} []
[2020-09-01T17:32:02.611717+02:00] git.INFO: Git command preparing to run {"command":"\"C:\\Program Files\\Git\\cmd\\git.EXE\" config user.email mangata.tony@gmail.com"} []
[2020-09-01T17:32:03.031514+02:00] git.INFO: Git command successfully run {"command":"\"C:\\Program Files\\Git\\cmd\\git.EXE\" config user.email mangata.tony@gmail.com"} []
[2020-09-01T17:32:03.031921+02:00] git.INFO: Git command preparing to run {"command":"\"C:\\Program Files\\Git\\cmd\\git.EXE\" clone \"https://github.com/Mangata-Dev/exam-js.git\" \"C:\\Projects\\intersession-2020-1-angry-noise-team\\storage\\app/Repositories/test\""} []
[2020-09-01T17:32:03.451921+02:00] git.DEBUG: Cloning into 'C:\Projects\intersession-2020-1-angry-noise-team\storage\app/Repositories/test'...  {"error":true,"command":"\"C:\\Program Files\\Git\\cmd\\git.EXE\" clone \"https://github.com/Mangata-Dev/exam-js.git\" \"C:\\Projects\\intersession-2020-1-angry-noise-team\\storage\\app/Repositories/test\""} []
[2020-09-01T17:32:03.653351+02:00] git.DEBUG: fatal: unable to access 'https://github.com/Mangata-Dev/exam-js.git/': Could not resolve host: github.com  {"error":true,"command":"\"C:\\Program Files\\Git\\cmd\\git.EXE\" clone \"https://github.com/Mangata-Dev/exam-js.git\" \"C:\\Projects\\intersession-2020-1-angry-noise-team\\storage\\app/Repositories/test\""} []
[2020-09-01T17:32:03.858373+02:00] git.ERROR: Error running Git command {"command":"\"C:\\Program Files\\Git\\cmd\\git.EXE\" clone \"https://github.com/Mangata-Dev/exam-js.git\" \"C:\\Projects\\intersession-2020-1-angry-noise-team\\storage\\app/Repositories/test\""} []
[2020-09-01T17:32:36.697828+02:00] git.INFO: Git command preparing to run {"command":"\"C:\\Program Files\\Git\\cmd\\git.EXE\" config --global user.name Angry-noise"} []
[2020-09-01T17:32:37.125995+02:00] git.INFO: Git command successfully run {"command":"\"C:\\Program Files\\Git\\cmd\\git.EXE\" config --global user.name Angry-noise"} []
[2020-09-01T17:32:37.126534+02:00] git.INFO: Git command preparing to run {"command":"\"C:\\Program Files\\Git\\cmd\\git.EXE\" config --global user.email mangata.tony@gmail.com"} []
[2020-09-01T17:32:37.546223+02:00] git.INFO: Git command successfully run {"command":"\"C:\\Program Files\\Git\\cmd\\git.EXE\" config --global user.email mangata.tony@gmail.com"} []
[2020-09-01T17:32:37.549240+02:00] git.INFO: Git command preparing to run {"command":"\"C:\\Program Files\\Git\\cmd\\git.EXE\" config user.name Mangata"} []
[2020-09-01T17:32:37.966835+02:00] git.INFO: Git command successfully run {"command":"\"C:\\Program Files\\Git\\cmd\\git.EXE\" config user.name Mangata"} []
[2020-09-01T17:32:37.967572+02:00] git.INFO: Git command preparing to run {"command":"\"C:\\Program Files\\Git\\cmd\\git.EXE\" config user.email mangata.tony@gmail.com"} []
[2020-09-01T17:32:38.385712+02:00] git.INFO: Git command successfully run {"command":"\"C:\\Program Files\\Git\\cmd\\git.EXE\" config user.email mangata.tony@gmail.com"} []
[2020-09-01T17:32:38.386059+02:00] git.INFO: Git command preparing to run {"command":"\"C:\\Program Files\\Git\\cmd\\git.EXE\" clone \"https://github.com/Mangata-Dev/exam-js.git\" \"C:\\Projects\\intersession-2020-1-angry-noise-team\\storage\\app/Repositories/test\""} []
[2020-09-01T17:32:38.813899+02:00] git.DEBUG: Cloning into 'C:\Projects\intersession-2020-1-angry-noise-team\storage\app/Repositories/test'...  {"error":true,"command":"\"C:\\Program Files\\Git\\cmd\\git.EXE\" clone \"https://github.com/Mangata-Dev/exam-js.git\" \"C:\\Projects\\intersession-2020-1-angry-noise-team\\storage\\app/Repositories/test\""} []
[2020-09-01T17:32:39.016368+02:00] git.DEBUG: fatal: unable to access 'https://github.com/Mangata-Dev/exam-js.git/': Could not resolve host: github.com  {"error":true,"command":"\"C:\\Program Files\\Git\\cmd\\git.EXE\" clone \"https://github.com/Mangata-Dev/exam-js.git\" \"C:\\Projects\\intersession-2020-1-angry-noise-team\\storage\\app/Repositories/test\""} []
[2020-09-01T17:32:39.019848+02:00] git.ERROR: Error running Git command {"command":"\"C:\\Program Files\\Git\\cmd\\git.EXE\" clone \"https://github.com/Mangata-Dev/exam-js.git\" \"C:\\Projects\\intersession-2020-1-angry-noise-team\\storage\\app/Repositories/test\""} []
